running egg_info
creating ../../build/merge_arrays/merge_arrays.egg-info
writing ../../build/merge_arrays/merge_arrays.egg-info/PKG-INFO
writing dependency_links to ../../build/merge_arrays/merge_arrays.egg-info/dependency_links.txt
writing entry points to ../../build/merge_arrays/merge_arrays.egg-info/entry_points.txt
writing requirements to ../../build/merge_arrays/merge_arrays.egg-info/requires.txt
writing top-level names to ../../build/merge_arrays/merge_arrays.egg-info/top_level.txt
writing manifest file '../../build/merge_arrays/merge_arrays.egg-info/SOURCES.txt'
reading manifest file '../../build/merge_arrays/merge_arrays.egg-info/SOURCES.txt'
writing manifest file '../../build/merge_arrays/merge_arrays.egg-info/SOURCES.txt'
running build
running build_py
creating /home/dhogg/ros2_ws/build/merge_arrays/build
creating /home/dhogg/ros2_ws/build/merge_arrays/build/lib
creating /home/dhogg/ros2_ws/build/merge_arrays/build/lib/merge_arrays
copying merge_arrays/__init__.py -> /home/dhogg/ros2_ws/build/merge_arrays/build/lib/merge_arrays
running install
running install_lib
creating /home/dhogg/ros2_ws/install/merge_arrays/lib/python3.10/site-packages/merge_arrays
copying /home/dhogg/ros2_ws/build/merge_arrays/build/lib/merge_arrays/__init__.py -> /home/dhogg/ros2_ws/install/merge_arrays/lib/python3.10/site-packages/merge_arrays
byte-compiling /home/dhogg/ros2_ws/install/merge_arrays/lib/python3.10/site-packages/merge_arrays/__init__.py to __init__.cpython-310.pyc
running install_data
creating /home/dhogg/ros2_ws/install/merge_arrays/share/ament_index
creating /home/dhogg/ros2_ws/install/merge_arrays/share/ament_index/resource_index
creating /home/dhogg/ros2_ws/install/merge_arrays/share/ament_index/resource_index/packages
copying resource/merge_arrays -> /home/dhogg/ros2_ws/install/merge_arrays/share/ament_index/resource_index/packages
copying package.xml -> /home/dhogg/ros2_ws/install/merge_arrays/share/merge_arrays
running install_egg_info
Copying ../../build/merge_arrays/merge_arrays.egg-info to /home/dhogg/ros2_ws/install/merge_arrays/lib/python3.10/site-packages/merge_arrays-0.0.0-py3.10.egg-info
running install_scripts
writing list of installed files to '/home/dhogg/ros2_ws/build/merge_arrays/install.log'
