[0.415s] Invoking command in '/home/dhogg/ros2_ws/src/merge_arrays': PYTHONPATH=/home/dhogg/ros2_ws/build/merge_arrays/prefix_override:/usr/lib/python3/dist-packages/colcon_core/task/python/colcon_distutils_commands:/home/dhogg/ros2_ws/install/merge_arrays/lib/python3.10/site-packages:${PYTHONPATH} /usr/bin/python3 -W ignore:setup.py install is deprecated -W ignore:easy_install command is deprecated setup.py egg_info --egg-base ../../build/merge_arrays build --build-base /home/dhogg/ros2_ws/build/merge_arrays/build install --record /home/dhogg/ros2_ws/build/merge_arrays/install.log --single-version-externally-managed install_data
[0.528s] running egg_info
[0.529s] creating ../../build/merge_arrays/merge_arrays.egg-info
[0.529s] writing ../../build/merge_arrays/merge_arrays.egg-info/PKG-INFO
[0.529s] writing dependency_links to ../../build/merge_arrays/merge_arrays.egg-info/dependency_links.txt
[0.529s] writing entry points to ../../build/merge_arrays/merge_arrays.egg-info/entry_points.txt
[0.529s] writing requirements to ../../build/merge_arrays/merge_arrays.egg-info/requires.txt
[0.530s] writing top-level names to ../../build/merge_arrays/merge_arrays.egg-info/top_level.txt
[0.530s] writing manifest file '../../build/merge_arrays/merge_arrays.egg-info/SOURCES.txt'
[0.531s] reading manifest file '../../build/merge_arrays/merge_arrays.egg-info/SOURCES.txt'
[0.531s] writing manifest file '../../build/merge_arrays/merge_arrays.egg-info/SOURCES.txt'
[0.532s] running build
[0.532s] running build_py
[0.532s] creating /home/dhogg/ros2_ws/build/merge_arrays/build
[0.533s] creating /home/dhogg/ros2_ws/build/merge_arrays/build/lib
[0.533s] creating /home/dhogg/ros2_ws/build/merge_arrays/build/lib/merge_arrays
[0.533s] copying merge_arrays/__init__.py -> /home/dhogg/ros2_ws/build/merge_arrays/build/lib/merge_arrays
[0.533s] running install
[0.533s] running install_lib
[0.534s] creating /home/dhogg/ros2_ws/install/merge_arrays/lib/python3.10/site-packages/merge_arrays
[0.534s] copying /home/dhogg/ros2_ws/build/merge_arrays/build/lib/merge_arrays/__init__.py -> /home/dhogg/ros2_ws/install/merge_arrays/lib/python3.10/site-packages/merge_arrays
[0.534s] byte-compiling /home/dhogg/ros2_ws/install/merge_arrays/lib/python3.10/site-packages/merge_arrays/__init__.py to __init__.cpython-310.pyc
[0.535s] running install_data
[0.535s] creating /home/dhogg/ros2_ws/install/merge_arrays/share/ament_index
[0.535s] creating /home/dhogg/ros2_ws/install/merge_arrays/share/ament_index/resource_index
[0.535s] creating /home/dhogg/ros2_ws/install/merge_arrays/share/ament_index/resource_index/packages
[0.535s] copying resource/merge_arrays -> /home/dhogg/ros2_ws/install/merge_arrays/share/ament_index/resource_index/packages
[0.535s] copying package.xml -> /home/dhogg/ros2_ws/install/merge_arrays/share/merge_arrays
[0.535s] running install_egg_info
[0.536s] Copying ../../build/merge_arrays/merge_arrays.egg-info to /home/dhogg/ros2_ws/install/merge_arrays/lib/python3.10/site-packages/merge_arrays-0.0.0-py3.10.egg-info
[0.537s] running install_scripts
[0.549s] writing list of installed files to '/home/dhogg/ros2_ws/build/merge_arrays/install.log'
[0.561s] Invoked command in '/home/dhogg/ros2_ws/src/merge_arrays' returned '0': PYTHONPATH=/home/dhogg/ros2_ws/build/merge_arrays/prefix_override:/usr/lib/python3/dist-packages/colcon_core/task/python/colcon_distutils_commands:/home/dhogg/ros2_ws/install/merge_arrays/lib/python3.10/site-packages:${PYTHONPATH} /usr/bin/python3 -W ignore:setup.py install is deprecated -W ignore:easy_install command is deprecated setup.py egg_info --egg-base ../../build/merge_arrays build --build-base /home/dhogg/ros2_ws/build/merge_arrays/build install --record /home/dhogg/ros2_ws/build/merge_arrays/install.log --single-version-externally-managed install_data
